<?xml version="1.0" encoding="UTF-8"?>
<!-- Generated by org.testng.reporters.JUnitReportReporter -->
<testsuite hostname="sulmans-MBP.fios-router.home" failures="0" tests="2" name="com.sample.test.demo.tests.DemoTest" time="1.855" errors="0" timestamp="24 Nov 2021 17:35:41 GMT" skipped="0">
  <testcase classname="com.sample.test.demo.tests.DemoTest" name="pizzaOrderWithCashPayment" time="1.210"/>
  <testcase classname="com.sample.test.demo.tests.DemoTest" name="missingMendatoryInformation" time="0.645"/>
</testsuite> <!-- com.sample.test.demo.tests.DemoTest -->
