<?xml version="1.0" encoding="UTF-8"?>
<!-- Generated by org.testng.reporters.JUnitReportReporter -->
<testsuite hostname="sulmans-MBP.fios-router.home" failures="0" tests="2" name="com.sample.test.demo.tests.DemoTest" time="1.126" errors="0" timestamp="24 Nov 2021 20:08:18 GMT" skipped="0">
  <testcase classname="com.sample.test.demo.tests.DemoTest" name="pizzaOrderWithCashPayment" time="0.725"/>
  <testcase classname="com.sample.test.demo.tests.DemoTest" name="missingMendatoryInformation" time="0.401"/>
</testsuite> <!-- com.sample.test.demo.tests.DemoTest -->
